2018/3/16 22:54:40  Navigating ...
2018/3/16 22:55:00  Getting Potential Adminstration Entrance...
2018/3/16 22:55:22  POST  http://zongsu.yuying.org.cn/users/sign_in^utf8=&#x2713;&authenticity_token=deYdhXrf8CHP7yOUwETGYSlHRhh+lFUikTQ01WQHTNA3aTGKsw0RrJm4j7g9/jxfnyfidQfpOTxwy/wMKMD4SQ==&user[login]=!S!WCRTESTINPUT000000!E!&user[upassword]=!S!WCRTESTINPUT000001!E!&user_password=&public_modulus=E8301C41097E5F216A032CBFC4C8F0C45E09255962CB1B0E6B0ACE98B0A399D7A98CDDADA0887EE387BDCDD01B43ACBBBC3A80C6F82B89E5B1C482743036380FC6B6C6DBDB944DE5B79635FA891403B80EB46D81A4ABCAF3330EC57D170F89DADE3755527837D6E21A263F2B6CCCD5389E3F19E6FF61BE286CFD999822609225&public_exponent=010001&yz[{:placeholder=&gt;&quot;验证码&quot;}]=!S!WCRTESTINPUT000002!E!  String URL1 StatusCode!=OK
2018/3/16 22:55:22  POST  http://zongsu.yuying.org.cn/users/sign_in^utf8=&#x2713;&authenticity_token=deYdhXrf8CHP7yOUwETGYSlHRhh+lFUikTQ01WQHTNA3aTGKsw0RrJm4j7g9/jxfnyfidQfpOTxwy/wMKMD4SQ==&user[login]=!S!WCRTESTINPUT000000!E!&user[upassword]=!S!WCRTESTINPUT000001!E!&user_password=&public_modulus=E8301C41097E5F216A032CBFC4C8F0C45E09255962CB1B0E6B0ACE98B0A399D7A98CDDADA0887EE387BDCDD01B43ACBBBC3A80C6F82B89E5B1C482743036380FC6B6C6DBDB944DE5B79635FA891403B80EB46D81A4ABCAF3330EC57D170F89DADE3755527837D6E21A263F2B6CCCD5389E3F19E6FF61BE286CFD999822609225&public_exponent=010001&yz[{:placeholder=&gt;&quot;验证码&quot;}]=1  Integer URL1 StatusCode!=OK
2018/3/16 22:55:22  POST  http://zongsu.yuying.org.cn/users/sign_in^utf8=&#x2713;&authenticity_token=deYdhXrf8CHP7yOUwETGYSlHRhh+lFUikTQ01WQHTNA3aTGKsw0RrJm4j7g9/jxfnyfidQfpOTxwy/wMKMD4SQ==&user[login]=!S!WCRTESTINPUT000000!E!&user[upassword]=!S!WCRTESTINPUT000001!E!&user_password=&public_modulus=E8301C41097E5F216A032CBFC4C8F0C45E09255962CB1B0E6B0ACE98B0A399D7A98CDDADA0887EE387BDCDD01B43ACBBBC3A80C6F82B89E5B1C482743036380FC6B6C6DBDB944DE5B79635FA891403B80EB46D81A4ABCAF3330EC57D170F89DADE3755527837D6E21A263F2B6CCCD5389E3F19E6FF61BE286CFD999822609225&public_exponent=010001&yz[{:placeholder=&gt;&quot;验证码&quot;}]=1  String URL1 StatusCode!=OK
2018/3/16 22:55:22  POST  http://zongsu.yuying.org.cn/users/sign_in^utf8=&#x2713;&authenticity_token=deYdhXrf8CHP7yOUwETGYSlHRhh+lFUikTQ01WQHTNA3aTGKsw0RrJm4j7g9/jxfnyfidQfpOTxwy/wMKMD4SQ==&user[login]=!S!WCRTESTINPUT000000!E!&user[upassword]=!S!WCRTESTINPUT000001!E!&user_password=&public_modulus=E8301C41097E5F216A032CBFC4C8F0C45E09255962CB1B0E6B0ACE98B0A399D7A98CDDADA0887EE387BDCDD01B43ACBBBC3A80C6F82B89E5B1C482743036380FC6B6C6DBDB944DE5B79635FA891403B80EB46D81A4ABCAF3330EC57D170F89DADE3755527837D6E21A263F2B6CCCD5389E3F19E6FF61BE286CFD999822609225&public_exponent=010001&yz[{:placeholder=&gt;&quot;验证码&quot;}]=99999999  Integer URL1 StatusCode!=OK
2018/3/16 22:55:23  POST  http://zongsu.yuying.org.cn/users/sign_in^utf8=&#x2713;&authenticity_token=deYdhXrf8CHP7yOUwETGYSlHRhh+lFUikTQ01WQHTNA3aTGKsw0RrJm4j7g9/jxfnyfidQfpOTxwy/wMKMD4SQ==&user[login]=!S!WCRTESTINPUT000000!E!&user[upassword]=!S!WCRTESTINPUT000001!E!&user_password=&public_modulus=E8301C41097E5F216A032CBFC4C8F0C45E09255962CB1B0E6B0ACE98B0A399D7A98CDDADA0887EE387BDCDD01B43ACBBBC3A80C6F82B89E5B1C482743036380FC6B6C6DBDB944DE5B79635FA891403B80EB46D81A4ABCAF3330EC57D170F89DADE3755527837D6E21A263F2B6CCCD5389E3F19E6FF61BE286CFD999822609225&public_exponent=010001&yz[{:placeholder=&gt;&quot;验证码&quot;}]=99999999  String URL1 StatusCode!=OK
2018/3/16 22:55:23  POST  http://zongsu.yuying.org.cn/users/sign_in^utf8=&#x2713;&authenticity_token=deYdhXrf8CHP7yOUwETGYSlHRhh+lFUikTQ01WQHTNA3aTGKsw0RrJm4j7g9/jxfnyfidQfpOTxwy/wMKMD4SQ==&user[login]=!S!WCRTESTINPUT000000!E!&user[upassword]=!S!WCRTESTINPUT000001!E!&user_password=&public_modulus=E8301C41097E5F216A032CBFC4C8F0C45E09255962CB1B0E6B0ACE98B0A399D7A98CDDADA0887EE387BDCDD01B43ACBBBC3A80C6F82B89E5B1C482743036380FC6B6C6DBDB944DE5B79635FA891403B80EB46D81A4ABCAF3330EC57D170F89DADE3755527837D6E21A263F2B6CCCD5389E3F19E6FF61BE286CFD999822609225&public_exponent=010001&yz[{:placeholder=&gt;&quot;验证码&quot;}]=99999999  String URL1 StatusCode!=OK
2018/3/16 22:55:23  POST  http://zongsu.yuying.org.cn/users/sign_in^utf8=&#x2713;&authenticity_token=deYdhXrf8CHP7yOUwETGYSlHRhh+lFUikTQ01WQHTNA3aTGKsw0RrJm4j7g9/jxfnyfidQfpOTxwy/wMKMD4SQ==&user[login]=!S!WCRTESTINPUT000000!E!&user[upassword]=!S!WCRTESTINPUT000001!E!&user_password=&public_modulus=E8301C41097E5F216A032CBFC4C8F0C45E09255962CB1B0E6B0ACE98B0A399D7A98CDDADA0887EE387BDCDD01B43ACBBBC3A80C6F82B89E5B1C482743036380FC6B6C6DBDB944DE5B79635FA891403B80EB46D81A4ABCAF3330EC57D170F89DADE3755527837D6E21A263F2B6CCCD5389E3F19E6FF61BE286CFD999822609225&public_exponent=010001&yz[{:placeholder=&gt;&quot;验证码&quot;}]=  Search URL1 StatusCode!=OK
2018/3/16 22:55:23  POST  http://zongsu.yuying.org.cn/users/sign_in^user[login]=!S!WCRTESTINPUT000000!E!&user[upassword]=!S!WCRTESTINPUT000001!E!&user_password=&public_modulus=E8301C41097E5F216A032CBFC4C8F0C45E09255962CB1B0E6B0ACE98B0A399D7A98CDDADA0887EE387BDCDD01B43ACBBBC3A80C6F82B89E5B1C482743036380FC6B6C6DBDB944DE5B79635FA891403B80EB46D81A4ABCAF3330EC57D170F89DADE3755527837D6E21A263F2B6CCCD5389E3F19E6FF61BE286CFD999822609225&public_exponent=010001&yz[{:placeholder=&gt;&quot;验证码&quot;}]=!S!WCRTESTINPUT000002!E!&utf8=&#x2713;&authenticity_token=deYdhXrf8CHP7yOUwETGYSlHRhh+lFUikTQ01WQHTNA3aTGKsw0RrJm4j7g9/jxfnyfidQfpOTxwy/wMKMD4SQ==  String URL1 StatusCode!=OK
2018/3/16 22:55:23  POST  http://zongsu.yuying.org.cn/users/sign_in^user[login]=!S!WCRTESTINPUT000000!E!&user[upassword]=!S!WCRTESTINPUT000001!E!&user_password=&public_modulus=E8301C41097E5F216A032CBFC4C8F0C45E09255962CB1B0E6B0ACE98B0A399D7A98CDDADA0887EE387BDCDD01B43ACBBBC3A80C6F82B89E5B1C482743036380FC6B6C6DBDB944DE5B79635FA891403B80EB46D81A4ABCAF3330EC57D170F89DADE3755527837D6E21A263F2B6CCCD5389E3F19E6FF61BE286CFD999822609225&public_exponent=010001&yz[{:placeholder=&gt;&quot;验证码&quot;}]=!S!WCRTESTINPUT000002!E!&utf8=&#x2713;&authenticity_token=  Search URL1 StatusCode!=OK
2018/3/16 22:55:24  POST  http://zongsu.yuying.org.cn/users/sign_in^user[upassword]=!S!WCRTESTINPUT000001!E!&user_password=&public_modulus=E8301C41097E5F216A032CBFC4C8F0C45E09255962CB1B0E6B0ACE98B0A399D7A98CDDADA0887EE387BDCDD01B43ACBBBC3A80C6F82B89E5B1C482743036380FC6B6C6DBDB944DE5B79635FA891403B80EB46D81A4ABCAF3330EC57D170F89DADE3755527837D6E21A263F2B6CCCD5389E3F19E6FF61BE286CFD999822609225&public_exponent=010001&yz[{:placeholder=&gt;&quot;验证码&quot;}]=!S!WCRTESTINPUT000002!E!&utf8=&#x2713;&authenticity_token=deYdhXrf8CHP7yOUwETGYSlHRhh+lFUikTQ01WQHTNA3aTGKsw0RrJm4j7g9/jxfnyfidQfpOTxwy/wMKMD4SQ==&user[login]=!S!WCRTESTINPUT000000!E!  String URL1 StatusCode!=OK
2018/3/16 22:55:24  POST  http://zongsu.yuying.org.cn/users/sign_in^user[upassword]=!S!WCRTESTINPUT000001!E!&user_password=&public_modulus=E8301C41097E5F216A032CBFC4C8F0C45E09255962CB1B0E6B0ACE98B0A399D7A98CDDADA0887EE387BDCDD01B43ACBBBC3A80C6F82B89E5B1C482743036380FC6B6C6DBDB944DE5B79635FA891403B80EB46D81A4ABCAF3330EC57D170F89DADE3755527837D6E21A263F2B6CCCD5389E3F19E6FF61BE286CFD999822609225&public_exponent=010001&yz[{:placeholder=&gt;&quot;验证码&quot;}]=!S!WCRTESTINPUT000002!E!&utf8=&#x2713;&authenticity_token=deYdhXrf8CHP7yOUwETGYSlHRhh+lFUikTQ01WQHTNA3aTGKsw0RrJm4j7g9/jxfnyfidQfpOTxwy/wMKMD4SQ==&user[login]=1  Integer URL1 StatusCode!=OK
2018/3/16 22:55:24  POST  http://zongsu.yuying.org.cn/users/sign_in^user[upassword]=!S!WCRTESTINPUT000001!E!&user_password=&public_modulus=E8301C41097E5F216A032CBFC4C8F0C45E09255962CB1B0E6B0ACE98B0A399D7A98CDDADA0887EE387BDCDD01B43ACBBBC3A80C6F82B89E5B1C482743036380FC6B6C6DBDB944DE5B79635FA891403B80EB46D81A4ABCAF3330EC57D170F89DADE3755527837D6E21A263F2B6CCCD5389E3F19E6FF61BE286CFD999822609225&public_exponent=010001&yz[{:placeholder=&gt;&quot;验证码&quot;}]=!S!WCRTESTINPUT000002!E!&utf8=&#x2713;&authenticity_token=deYdhXrf8CHP7yOUwETGYSlHRhh+lFUikTQ01WQHTNA3aTGKsw0RrJm4j7g9/jxfnyfidQfpOTxwy/wMKMD4SQ==&user[login]=1  String URL1 StatusCode!=OK
2018/3/16 22:55:24  POST  http://zongsu.yuying.org.cn/users/sign_in^user[upassword]=!S!WCRTESTINPUT000001!E!&user_password=&public_modulus=E8301C41097E5F216A032CBFC4C8F0C45E09255962CB1B0E6B0ACE98B0A399D7A98CDDADA0887EE387BDCDD01B43ACBBBC3A80C6F82B89E5B1C482743036380FC6B6C6DBDB944DE5B79635FA891403B80EB46D81A4ABCAF3330EC57D170F89DADE3755527837D6E21A263F2B6CCCD5389E3F19E6FF61BE286CFD999822609225&public_exponent=010001&yz[{:placeholder=&gt;&quot;验证码&quot;}]=!S!WCRTESTINPUT000002!E!&utf8=&#x2713;&authenticity_token=deYdhXrf8CHP7yOUwETGYSlHRhh+lFUikTQ01WQHTNA3aTGKsw0RrJm4j7g9/jxfnyfidQfpOTxwy/wMKMD4SQ==&user[login]=99999999  Integer URL1 StatusCode!=OK
2018/3/16 22:55:24  POST  http://zongsu.yuying.org.cn/users/sign_in^user[upassword]=!S!WCRTESTINPUT000001!E!&user_password=&public_modulus=E8301C41097E5F216A032CBFC4C8F0C45E09255962CB1B0E6B0ACE98B0A399D7A98CDDADA0887EE387BDCDD01B43ACBBBC3A80C6F82B89E5B1C482743036380FC6B6C6DBDB944DE5B79635FA891403B80EB46D81A4ABCAF3330EC57D170F89DADE3755527837D6E21A263F2B6CCCD5389E3F19E6FF61BE286CFD999822609225&public_exponent=010001&yz[{:placeholder=&gt;&quot;验证码&quot;}]=!S!WCRTESTINPUT000002!E!&utf8=&#x2713;&authenticity_token=deYdhXrf8CHP7yOUwETGYSlHRhh+lFUikTQ01WQHTNA3aTGKsw0RrJm4j7g9/jxfnyfidQfpOTxwy/wMKMD4SQ==&user[login]=99999999  String URL1 StatusCode!=OK
2018/3/16 22:55:25  POST  http://zongsu.yuying.org.cn/users/sign_in^user[upassword]=!S!WCRTESTINPUT000001!E!&user_password=&public_modulus=E8301C41097E5F216A032CBFC4C8F0C45E09255962CB1B0E6B0ACE98B0A399D7A98CDDADA0887EE387BDCDD01B43ACBBBC3A80C6F82B89E5B1C482743036380FC6B6C6DBDB944DE5B79635FA891403B80EB46D81A4ABCAF3330EC57D170F89DADE3755527837D6E21A263F2B6CCCD5389E3F19E6FF61BE286CFD999822609225&public_exponent=010001&yz[{:placeholder=&gt;&quot;验证码&quot;}]=!S!WCRTESTINPUT000002!E!&utf8=&#x2713;&authenticity_token=deYdhXrf8CHP7yOUwETGYSlHRhh+lFUikTQ01WQHTNA3aTGKsw0RrJm4j7g9/jxfnyfidQfpOTxwy/wMKMD4SQ==&user[login]=99999999  String URL1 StatusCode!=OK
2018/3/16 22:55:25  POST  http://zongsu.yuying.org.cn/users/sign_in^user[upassword]=!S!WCRTESTINPUT000001!E!&user_password=&public_modulus=E8301C41097E5F216A032CBFC4C8F0C45E09255962CB1B0E6B0ACE98B0A399D7A98CDDADA0887EE387BDCDD01B43ACBBBC3A80C6F82B89E5B1C482743036380FC6B6C6DBDB944DE5B79635FA891403B80EB46D81A4ABCAF3330EC57D170F89DADE3755527837D6E21A263F2B6CCCD5389E3F19E6FF61BE286CFD999822609225&public_exponent=010001&yz[{:placeholder=&gt;&quot;验证码&quot;}]=!S!WCRTESTINPUT000002!E!&utf8=&#x2713;&authenticity_token=deYdhXrf8CHP7yOUwETGYSlHRhh+lFUikTQ01WQHTNA3aTGKsw0RrJm4j7g9/jxfnyfidQfpOTxwy/wMKMD4SQ==&user[login]=  Search URL1 StatusCode!=OK
2018/3/16 22:55:25  POST  http://zongsu.yuying.org.cn/users/sign_in^user_password=&public_modulus=E8301C41097E5F216A032CBFC4C8F0C45E09255962CB1B0E6B0ACE98B0A399D7A98CDDADA0887EE387BDCDD01B43ACBBBC3A80C6F82B89E5B1C482743036380FC6B6C6DBDB944DE5B79635FA891403B80EB46D81A4ABCAF3330EC57D170F89DADE3755527837D6E21A263F2B6CCCD5389E3F19E6FF61BE286CFD999822609225&public_exponent=010001&yz[{:placeholder=&gt;&quot;验证码&quot;}]=!S!WCRTESTINPUT000002!E!&utf8=&#x2713;&authenticity_token=deYdhXrf8CHP7yOUwETGYSlHRhh+lFUikTQ01WQHTNA3aTGKsw0RrJm4j7g9/jxfnyfidQfpOTxwy/wMKMD4SQ==&user[login]=!S!WCRTESTINPUT000000!E!&user[upassword]=!S!WCRTESTINPUT000001!E!  String URL1 StatusCode!=OK
2018/3/16 22:55:25  POST  http://zongsu.yuying.org.cn/users/sign_in^user_password=&public_modulus=E8301C41097E5F216A032CBFC4C8F0C45E09255962CB1B0E6B0ACE98B0A399D7A98CDDADA0887EE387BDCDD01B43ACBBBC3A80C6F82B89E5B1C482743036380FC6B6C6DBDB944DE5B79635FA891403B80EB46D81A4ABCAF3330EC57D170F89DADE3755527837D6E21A263F2B6CCCD5389E3F19E6FF61BE286CFD999822609225&public_exponent=010001&yz[{:placeholder=&gt;&quot;验证码&quot;}]=!S!WCRTESTINPUT000002!E!&utf8=&#x2713;&authenticity_token=deYdhXrf8CHP7yOUwETGYSlHRhh+lFUikTQ01WQHTNA3aTGKsw0RrJm4j7g9/jxfnyfidQfpOTxwy/wMKMD4SQ==&user[login]=!S!WCRTESTINPUT000000!E!&user[upassword]=1  Integer URL1 StatusCode!=OK
2018/3/16 22:55:25  POST  http://zongsu.yuying.org.cn/users/sign_in^user_password=&public_modulus=E8301C41097E5F216A032CBFC4C8F0C45E09255962CB1B0E6B0ACE98B0A399D7A98CDDADA0887EE387BDCDD01B43ACBBBC3A80C6F82B89E5B1C482743036380FC6B6C6DBDB944DE5B79635FA891403B80EB46D81A4ABCAF3330EC57D170F89DADE3755527837D6E21A263F2B6CCCD5389E3F19E6FF61BE286CFD999822609225&public_exponent=010001&yz[{:placeholder=&gt;&quot;验证码&quot;}]=!S!WCRTESTINPUT000002!E!&utf8=&#x2713;&authenticity_token=deYdhXrf8CHP7yOUwETGYSlHRhh+lFUikTQ01WQHTNA3aTGKsw0RrJm4j7g9/jxfnyfidQfpOTxwy/wMKMD4SQ==&user[login]=!S!WCRTESTINPUT000000!E!&user[upassword]=1  String URL1 StatusCode!=OK
2018/3/16 22:55:26  POST  http://zongsu.yuying.org.cn/users/sign_in^user_password=&public_modulus=E8301C41097E5F216A032CBFC4C8F0C45E09255962CB1B0E6B0ACE98B0A399D7A98CDDADA0887EE387BDCDD01B43ACBBBC3A80C6F82B89E5B1C482743036380FC6B6C6DBDB944DE5B79635FA891403B80EB46D81A4ABCAF3330EC57D170F89DADE3755527837D6E21A263F2B6CCCD5389E3F19E6FF61BE286CFD999822609225&public_exponent=010001&yz[{:placeholder=&gt;&quot;验证码&quot;}]=!S!WCRTESTINPUT000002!E!&utf8=&#x2713;&authenticity_token=deYdhXrf8CHP7yOUwETGYSlHRhh+lFUikTQ01WQHTNA3aTGKsw0RrJm4j7g9/jxfnyfidQfpOTxwy/wMKMD4SQ==&user[login]=!S!WCRTESTINPUT000000!E!&user[upassword]=99999999  Integer URL1 StatusCode!=OK
2018/3/16 22:55:26  POST  http://zongsu.yuying.org.cn/users/sign_in^user_password=&public_modulus=E8301C41097E5F216A032CBFC4C8F0C45E09255962CB1B0E6B0ACE98B0A399D7A98CDDADA0887EE387BDCDD01B43ACBBBC3A80C6F82B89E5B1C482743036380FC6B6C6DBDB944DE5B79635FA891403B80EB46D81A4ABCAF3330EC57D170F89DADE3755527837D6E21A263F2B6CCCD5389E3F19E6FF61BE286CFD999822609225&public_exponent=010001&yz[{:placeholder=&gt;&quot;验证码&quot;}]=!S!WCRTESTINPUT000002!E!&utf8=&#x2713;&authenticity_token=deYdhXrf8CHP7yOUwETGYSlHRhh+lFUikTQ01WQHTNA3aTGKsw0RrJm4j7g9/jxfnyfidQfpOTxwy/wMKMD4SQ==&user[login]=!S!WCRTESTINPUT000000!E!&user[upassword]=99999999  String URL1 StatusCode!=OK
2018/3/16 22:55:26  POST  http://zongsu.yuying.org.cn/users/sign_in^user_password=&public_modulus=E8301C41097E5F216A032CBFC4C8F0C45E09255962CB1B0E6B0ACE98B0A399D7A98CDDADA0887EE387BDCDD01B43ACBBBC3A80C6F82B89E5B1C482743036380FC6B6C6DBDB944DE5B79635FA891403B80EB46D81A4ABCAF3330EC57D170F89DADE3755527837D6E21A263F2B6CCCD5389E3F19E6FF61BE286CFD999822609225&public_exponent=010001&yz[{:placeholder=&gt;&quot;验证码&quot;}]=!S!WCRTESTINPUT000002!E!&utf8=&#x2713;&authenticity_token=deYdhXrf8CHP7yOUwETGYSlHRhh+lFUikTQ01WQHTNA3aTGKsw0RrJm4j7g9/jxfnyfidQfpOTxwy/wMKMD4SQ==&user[login]=!S!WCRTESTINPUT000000!E!&user[upassword]=99999999  String URL1 StatusCode!=OK
2018/3/16 22:55:26  POST  http://zongsu.yuying.org.cn/users/sign_in^user_password=&public_modulus=E8301C41097E5F216A032CBFC4C8F0C45E09255962CB1B0E6B0ACE98B0A399D7A98CDDADA0887EE387BDCDD01B43ACBBBC3A80C6F82B89E5B1C482743036380FC6B6C6DBDB944DE5B79635FA891403B80EB46D81A4ABCAF3330EC57D170F89DADE3755527837D6E21A263F2B6CCCD5389E3F19E6FF61BE286CFD999822609225&public_exponent=010001&yz[{:placeholder=&gt;&quot;验证码&quot;}]=!S!WCRTESTINPUT000002!E!&utf8=&#x2713;&authenticity_token=deYdhXrf8CHP7yOUwETGYSlHRhh+lFUikTQ01WQHTNA3aTGKsw0RrJm4j7g9/jxfnyfidQfpOTxwy/wMKMD4SQ==&user[login]=!S!WCRTESTINPUT000000!E!&user[upassword]=  Search URL1 StatusCode!=OK
2018/3/16 22:55:27  POST  http://zongsu.yuying.org.cn/users/sign_in^public_exponent=010001&yz[{:placeholder=&gt;&quot;验证码&quot;}]=!S!WCRTESTINPUT000002!E!&utf8=&#x2713;&authenticity_token=deYdhXrf8CHP7yOUwETGYSlHRhh+lFUikTQ01WQHTNA3aTGKsw0RrJm4j7g9/jxfnyfidQfpOTxwy/wMKMD4SQ==&user[login]=!S!WCRTESTINPUT000000!E!&user[upassword]=!S!WCRTESTINPUT000001!E!&user_password=&public_modulus=E8301C41097E5F216A032CBFC4C8F0C45E09255962CB1B0E6B0ACE98B0A399D7A98CDDADA0887EE387BDCDD01B43ACBBBC3A80C6F82B89E5B1C482743036380FC6B6C6DBDB944DE5B79635FA891403B80EB46D81A4ABCAF3330EC57D170F89DADE3755527837D6E21A263F2B6CCCD5389E3F19E6FF61BE286CFD999822609225  String URL1 StatusCode!=OK
2018/3/16 22:55:27  POST  http://zongsu.yuying.org.cn/users/sign_in^public_exponent=010001&yz[{:placeholder=&gt;&quot;验证码&quot;}]=!S!WCRTESTINPUT000002!E!&utf8=&#x2713;&authenticity_token=deYdhXrf8CHP7yOUwETGYSlHRhh+lFUikTQ01WQHTNA3aTGKsw0RrJm4j7g9/jxfnyfidQfpOTxwy/wMKMD4SQ==&user[login]=!S!WCRTESTINPUT000000!E!&user[upassword]=!S!WCRTESTINPUT000001!E!&user_password=&public_modulus=  Search URL1 StatusCode!=OK
2018/3/16 22:55:27  POST  http://zongsu.yuying.org.cn/users/sign_in^yz[{:placeholder=&gt;&quot;验证码&quot;}]=!S!WCRTESTINPUT000002!E!&utf8=&#x2713;&authenticity_token=deYdhXrf8CHP7yOUwETGYSlHRhh+lFUikTQ01WQHTNA3aTGKsw0RrJm4j7g9/jxfnyfidQfpOTxwy/wMKMD4SQ==&user[login]=!S!WCRTESTINPUT000000!E!&user[upassword]=!S!WCRTESTINPUT000001!E!&user_password=&public_modulus=E8301C41097E5F216A032CBFC4C8F0C45E09255962CB1B0E6B0ACE98B0A399D7A98CDDADA0887EE387BDCDD01B43ACBBBC3A80C6F82B89E5B1C482743036380FC6B6C6DBDB944DE5B79635FA891403B80EB46D81A4ABCAF3330EC57D170F89DADE3755527837D6E21A263F2B6CCCD5389E3F19E6FF61BE286CFD999822609225&public_exponent=010001  Integer URL1 StatusCode!=OK
2018/3/16 22:55:27  POST  http://zongsu.yuying.org.cn/users/sign_in^yz[{:placeholder=&gt;&quot;验证码&quot;}]=!S!WCRTESTINPUT000002!E!&utf8=&#x2713;&authenticity_token=deYdhXrf8CHP7yOUwETGYSlHRhh+lFUikTQ01WQHTNA3aTGKsw0RrJm4j7g9/jxfnyfidQfpOTxwy/wMKMD4SQ==&user[login]=!S!WCRTESTINPUT000000!E!&user[upassword]=!S!WCRTESTINPUT000001!E!&user_password=&public_modulus=E8301C41097E5F216A032CBFC4C8F0C45E09255962CB1B0E6B0ACE98B0A399D7A98CDDADA0887EE387BDCDD01B43ACBBBC3A80C6F82B89E5B1C482743036380FC6B6C6DBDB944DE5B79635FA891403B80EB46D81A4ABCAF3330EC57D170F89DADE3755527837D6E21A263F2B6CCCD5389E3F19E6FF61BE286CFD999822609225&public_exponent=010001  String URL1 StatusCode!=OK
2018/3/16 22:55:27  POST  http://zongsu.yuying.org.cn/users/sign_in^yz[{:placeholder=&gt;&quot;验证码&quot;}]=!S!WCRTESTINPUT000002!E!&utf8=&#x2713;&authenticity_token=deYdhXrf8CHP7yOUwETGYSlHRhh+lFUikTQ01WQHTNA3aTGKsw0RrJm4j7g9/jxfnyfidQfpOTxwy/wMKMD4SQ==&user[login]=!S!WCRTESTINPUT000000!E!&user[upassword]=!S!WCRTESTINPUT000001!E!&user_password=&public_modulus=E8301C41097E5F216A032CBFC4C8F0C45E09255962CB1B0E6B0ACE98B0A399D7A98CDDADA0887EE387BDCDD01B43ACBBBC3A80C6F82B89E5B1C482743036380FC6B6C6DBDB944DE5B79635FA891403B80EB46D81A4ABCAF3330EC57D170F89DADE3755527837D6E21A263F2B6CCCD5389E3F19E6FF61BE286CFD999822609225&public_exponent=  Search URL1 StatusCode!=OK
2018/3/16 22:57:57  Getting KeyWord...
2018/3/16 22:59:08  Getting KeyWord...
2018/3/16 22:59:09  GET  http://zongsu.yuying.org.cn/?menu=136  Integer KeyWord=
2018/3/16 22:59:09  GET  http://zongsu.yuying.org.cn/?menu=136  String KeyWord=
2018/3/16 22:59:10  COOKIE  http://zongsu.yuying.org.cn/^menu=136  Integer KeyWord=
2018/3/16 22:59:11  COOKIE  http://zongsu.yuying.org.cn/^menu=136  String KeyWord=
2018/3/16 22:59:11  GET  http://zongsu.yuying.org.cn/?menu=99999999  Integer KeyWord=
2018/3/16 22:59:12  GET  http://zongsu.yuying.org.cn/?menu=99999999  String KeyWord=
2018/3/16 22:59:12  GET  http://zongsu.yuying.org.cn/?menu=  Search KeyWord=
2018/3/16 22:59:14  Getting DataBase Type...
2018/3/16 22:59:15  Getting KeyWord...
2018/3/16 22:59:29  Getting KeyWord...
2018/3/16 22:59:32  Getting DataBase Type...
2018/3/16 22:59:33  Getting KeyWord...
2018/3/16 22:59:45  Auto Checking ...
2018/3/16 22:59:45  Getting KeyWord...
2018/3/16 23:00:05  Getting KeyWord...
2018/3/16 23:00:06  GET  http://zongsu.yuying.org.cn/admin/clubs/alliance_clubs?current_menu=283&menu=136  Integer KeyWord=
2018/3/16 23:00:06  GET  http://zongsu.yuying.org.cn/admin/clubs/alliance_clubs?current_menu=283&menu=136  String KeyWord=
2018/3/16 23:00:07  COOKIE  http://zongsu.yuying.org.cn/admin/clubs/alliance_clubs?current_menu=283^menu=136  Integer KeyWord=
2018/3/16 23:00:07  COOKIE  http://zongsu.yuying.org.cn/admin/clubs/alliance_clubs?current_menu=283^menu=136  String KeyWord=
2018/3/16 23:00:08  GET  http://zongsu.yuying.org.cn/admin/clubs/alliance_clubs?current_menu=283&menu=99999999  Integer KeyWord=
2018/3/16 23:00:08  GET  http://zongsu.yuying.org.cn/admin/clubs/alliance_clubs?current_menu=283&menu=99999999  String KeyWord=
2018/3/16 23:00:09  GET  http://zongsu.yuying.org.cn/admin/clubs/alliance_clubs?current_menu=283&menu=  Search KeyWord=
2018/3/16 23:00:10  GET  http://zongsu.yuying.org.cn/admin/clubs/alliance_clubs?menu=136&current_menu=283  Integer KeyWord=
2018/3/16 23:00:10  GET  http://zongsu.yuying.org.cn/admin/clubs/alliance_clubs?menu=136&current_menu=283  String KeyWord=
2018/3/16 23:00:11  COOKIE  http://zongsu.yuying.org.cn/admin/clubs/alliance_clubs?menu=136^current_menu=283  Integer KeyWord=
2018/3/16 23:00:11  COOKIE  http://zongsu.yuying.org.cn/admin/clubs/alliance_clubs?menu=136^current_menu=283  String KeyWord=
2018/3/16 23:00:12  GET  http://zongsu.yuying.org.cn/admin/clubs/alliance_clubs?menu=136&current_menu=99999999  Integer KeyWord=
2018/3/16 23:00:13  GET  http://zongsu.yuying.org.cn/admin/clubs/alliance_clubs?menu=136&current_menu=99999999  String KeyWord=
2018/3/16 23:00:13  GET  http://zongsu.yuying.org.cn/admin/clubs/alliance_clubs?menu=136&current_menu=  Search KeyWord=
2018/3/16 23:00:16  Getting DataBase Type...
2018/3/16 23:00:16  Getting KeyWord...
2018/3/16 23:00:25  Getting KeyWord...
2018/3/16 23:00:28  Getting DataBase Type...
2018/3/16 23:00:28  Getting KeyWord...
2018/3/16 23:00:51  Getting KeyWord...
2018/3/16 23:00:52  GET  http://zongsu.yuying.org.cn/admin/articles/5?back=/admin/clubs/alliance_clubs  String KeyWord=
2018/3/16 23:00:52  COOKIE  http://zongsu.yuying.org.cn/admin/articles/5^back=/admin/clubs/alliance_clubs  String KeyWord=
2018/3/16 23:00:53  GET  http://zongsu.yuying.org.cn/admin/articles/5?back=99999999  Integer KeyWord=
2018/3/16 23:00:53  GET  http://zongsu.yuying.org.cn/admin/articles/5?back=99999999  String KeyWord=
2018/3/16 23:00:54  GET  http://zongsu.yuying.org.cn/admin/articles/5?back=  Search KeyWord=
2018/3/16 23:00:55  Getting DataBase Type...
2018/3/16 23:00:56  Getting KeyWord...
